<?xml version="1.0" encoding="UTF-8"?>
<testsuite name="com.gavrysh.demo.stream16.ExcelReaderTest" tests="1" skipped="0" failures="0" errors="0" timestamp="2022-10-09T02:15:35" hostname="news-MacBook-Pro.local" time="1.2">
  <properties/>
  <testcase name="shouldReadExcelFile()" classname="com.gavrysh.demo.stream16.ExcelReaderTest" time="1.2"/>
  <system-out><![CDATA[19:15:36.859 [Test worker] INFO  c.gavrysh.demo.stream16.ExcelReader - Parsing excel sheet: Sheet1
19:15:36.881 [Test worker] DEBUG c.gavrysh.demo.stream16.ExcelReader - cannot read excel row 2: Cannot invoke "org.apache.poi.ss.usermodel.Cell.getStringCellValue()" because the return value of "org.apache.poi.ss.usermodel.Row.getCell(int)" is null
19:15:36.882 [Test worker] DEBUG c.gavrysh.demo.stream16.ExcelReader - cannot read excel row 5: Cannot get a STRING value from a NUMERIC cell
]]></system-out>
  <system-err><![CDATA[]]></system-err>
</testsuite>
